<?xml version="1.0" encoding="UTF-8"?>
<!-- Generated by org.testng.reporters.JUnitXMLReporter -->
<testsuite ignored="0" hostname="AR-NB-424" failures="0" tests="6" name="NetflixTest" time="62.017" errors="0" timestamp="2021-08-23T11:55:07 ART">
  <testcase classname="Netflix.FirstTest" name="validarTituloTest" time="0.024"/>
  <testcase classname="Netflix.SecondTest" name="startSessionPageTest" time="2.755"/>
  <testcase classname="Netflix.ThirdTest" name="loginToNetflixErrorTest" time="5.275"/>
  <testcase classname="Netflix.FourthTest" name="fakeEmailTest" time="2.215"/>
  <testcase classname="Netflix.FifthTest" name="printTagsTest" time="0.08"/>
  <testcase classname="Netflix.FifthTest" name="printTagsTest" time="34.839"/>
</testsuite> <!-- NetflixTest -->
