<?xml version="1.0" encoding="UTF-8"?>
<testng-results ignored="0" total="5" passed="5" failed="0" skipped="0">
  <reporter-output>
  </reporter-output>
  <suite started-at="2021-08-23T13:28:03 ART" name="Suite" finished-at="2021-08-23T13:28:39 ART" duration-ms="36160">
    <groups>
    </groups>
    <test started-at="2021-08-23T13:28:03 ART" name="Test-1" finished-at="2021-08-23T13:28:08 ART" duration-ms="4925">
      <class name="Netflix.FirstTest">
        <test-method is-config="true" signature="beforeClass()[pri:0, instance:Netflix.FirstTest@10d307f1]" started-at="2021-08-23T13:28:03 ART" name="beforeClass" finished-at="2021-08-23T13:28:07 ART" duration-ms="3684" status="PASS">
          <reporter-output>
          </reporter-output>
        </test-method> <!-- beforeClass -->
        <test-method signature="validarTituloTest()[pri:0, instance:Netflix.FirstTest@10d307f1]" started-at="2021-08-23T13:28:07 ART" name="validarTituloTest" finished-at="2021-08-23T13:28:08 ART" duration-ms="952" status="PASS">
          <reporter-output>
          </reporter-output>
        </test-method> <!-- validarTituloTest -->
        <test-method is-config="true" signature="afterClass()[pri:0, instance:Netflix.FirstTest@10d307f1]" started-at="2021-08-23T13:28:08 ART" name="afterClass" finished-at="2021-08-23T13:28:08 ART" duration-ms="237" status="PASS">
          <reporter-output>
          </reporter-output>
        </test-method> <!-- afterClass -->
      </class> <!-- Netflix.FirstTest -->
    </test> <!-- Test-1 -->
    <test started-at="2021-08-23T13:28:08 ART" name="Test-2" finished-at="2021-08-23T13:28:15 ART" duration-ms="6810">
      <class name="Netflix.SecondTest">
        <test-method is-config="true" signature="setUp()[pri:0, instance:Netflix.SecondTest@342c38f8]" started-at="2021-08-23T13:28:08 ART" name="setUp" finished-at="2021-08-23T13:28:11 ART" duration-ms="2912" status="PASS">
          <reporter-output>
          </reporter-output>
        </test-method> <!-- setUp -->
        <test-method signature="startSessionPageTest()[pri:0, instance:Netflix.SecondTest@342c38f8]" started-at="2021-08-23T13:28:11 ART" name="startSessionPageTest" finished-at="2021-08-23T13:28:15 ART" duration-ms="3716" status="PASS">
          <reporter-output>
          </reporter-output>
        </test-method> <!-- startSessionPageTest -->
        <test-method is-config="true" signature="tearDown()[pri:0, instance:Netflix.SecondTest@342c38f8]" started-at="2021-08-23T13:28:15 ART" name="tearDown" finished-at="2021-08-23T13:28:15 ART" duration-ms="176" status="PASS">
          <reporter-output>
          </reporter-output>
        </test-method> <!-- tearDown -->
      </class> <!-- Netflix.SecondTest -->
    </test> <!-- Test-2 -->
    <test started-at="2021-08-23T13:28:15 ART" name="Test-3" finished-at="2021-08-23T13:28:28 ART" duration-ms="13275">
      <class name="Netflix.ThirdTest">
        <test-method is-config="true" signature="beforeClass()[pri:0, instance:Netflix.ThirdTest@57cf54e1]" started-at="2021-08-23T13:28:15 ART" name="beforeClass" finished-at="2021-08-23T13:28:18 ART" duration-ms="3294" status="PASS">
          <reporter-output>
          </reporter-output>
        </test-method> <!-- beforeClass -->
        <test-method signature="loginToNetflixErrorTest()[pri:0, instance:Netflix.ThirdTest@57cf54e1]" started-at="2021-08-23T13:28:18 ART" name="loginToNetflixErrorTest" finished-at="2021-08-23T13:28:28 ART" duration-ms="9776" status="PASS">
          <reporter-output>
          </reporter-output>
        </test-method> <!-- loginToNetflixErrorTest -->
        <test-method is-config="true" signature="afterClass()[pri:0, instance:Netflix.ThirdTest@57cf54e1]" started-at="2021-08-23T13:28:28 ART" name="afterClass" finished-at="2021-08-23T13:28:28 ART" duration-ms="202" status="PASS">
          <reporter-output>
          </reporter-output>
        </test-method> <!-- afterClass -->
      </class> <!-- Netflix.ThirdTest -->
    </test> <!-- Test-3 -->
    <test started-at="2021-08-23T13:28:28 ART" name="Test-4" finished-at="2021-08-23T13:28:36 ART" duration-ms="7166">
      <class name="Netflix.FourthTest">
        <test-method is-config="true" signature="beforeTest()[pri:0, instance:Netflix.FourthTest@17497425]" started-at="2021-08-23T13:28:28 ART" name="beforeTest" finished-at="2021-08-23T13:28:31 ART" duration-ms="3031" status="PASS">
          <reporter-output>
          </reporter-output>
        </test-method> <!-- beforeTest -->
        <test-method signature="fakeEmailTest()[pri:0, instance:Netflix.FourthTest@17497425]" started-at="2021-08-23T13:28:31 ART" name="fakeEmailTest" finished-at="2021-08-23T13:28:35 ART" duration-ms="3947" status="PASS">
          <reporter-output>
          </reporter-output>
        </test-method> <!-- fakeEmailTest -->
        <test-method is-config="true" signature="afterTest()[pri:0, instance:Netflix.FourthTest@17497425]" started-at="2021-08-23T13:28:35 ART" name="afterTest" finished-at="2021-08-23T13:28:36 ART" duration-ms="183" status="PASS">
          <reporter-output>
          </reporter-output>
        </test-method> <!-- afterTest -->
      </class> <!-- Netflix.FourthTest -->
    </test> <!-- Test-4 -->
    <test started-at="2021-08-23T13:28:36 ART" name="Test-5" finished-at="2021-08-23T13:28:39 ART" duration-ms="3872">
      <class name="Netflix.FifthTest">
        <test-method is-config="true" signature="beforeClass()[pri:0, instance:Netflix.FifthTest@47e2e487]" started-at="2021-08-23T13:28:36 ART" name="beforeClass" finished-at="2021-08-23T13:28:38 ART" duration-ms="2793" status="PASS">
          <reporter-output>
          </reporter-output>
        </test-method> <!-- beforeClass -->
        <test-method signature="printTagsTest(java.lang.String)[pri:0, instance:Netflix.FifthTest@47e2e487]" started-at="2021-08-23T13:28:38 ART" name="printTagsTest" data-provider="dp" finished-at="2021-08-23T13:28:39 ART" duration-ms="900" status="PASS">
          <params>
            <param index="0">
              <value>
                <![CDATA[input]]>
              </value>
            </param>
          </params>
          <reporter-output>
          </reporter-output>
        </test-method> <!-- printTagsTest -->
        <test-method is-config="true" signature="afterClass()[pri:0, instance:Netflix.FifthTest@47e2e487]" started-at="2021-08-23T13:28:39 ART" name="afterClass" finished-at="2021-08-23T13:28:39 ART" duration-ms="172" status="PASS">
          <reporter-output>
          </reporter-output>
        </test-method> <!-- afterClass -->
      </class> <!-- Netflix.FifthTest -->
    </test> <!-- Test-5 -->
  </suite> <!-- Suite -->
</testng-results>
